<?xml version="1.0" encoding="UTF-8"?>
<!-- Generated by org.testng.reporters.JUnitReportReporter -->
<testsuite hostname="SANCHIT-AC09CJ7D" failures="0" tests="3" name="TestRunner" time="38.777" errors="0" timestamp="2025-06-06T14:41:06 IST" skipped="0">
  <testcase classname="TestRunner" name="runScenario" time="14.736"/>
  <testcase classname="TestRunner" name="runScenario" time="11.581"/>
  <testcase classname="TestRunner" name="runScenario" time="12.460"/>
</testsuite> <!-- TestRunner -->
